mode: set
/home/lzuccarelli/Projects/agoracxp/agoracxp-cron-interface/validate.go:14.59,17.27 3 1
/home/lzuccarelli/Projects/agoracxp/agoracxp-cron-interface/validate.go:25.2,25.12 1 1
/home/lzuccarelli/Projects/agoracxp/agoracxp-cron-interface/validate.go:17.27,18.15 1 1
/home/lzuccarelli/Projects/agoracxp/agoracxp-cron-interface/validate.go:18.15,21.4 2 1
/home/lzuccarelli/Projects/agoracxp/agoracxp-cron-interface/validate.go:21.9,23.4 1 1
/home/lzuccarelli/Projects/agoracxp/agoracxp-cron-interface/validate.go:31.50,39.26 2 1
/home/lzuccarelli/Projects/agoracxp/agoracxp-cron-interface/validate.go:44.2,44.12 1 1
/home/lzuccarelli/Projects/agoracxp/agoracxp-cron-interface/validate.go:39.26,40.54 1 1
/home/lzuccarelli/Projects/agoracxp/agoracxp-cron-interface/validate.go:40.54,42.4 1 1
/home/lzuccarelli/Projects/agoracxp/agoracxp-cron-interface/update.go:10.33,16.16 5 1
/home/lzuccarelli/Projects/agoracxp/agoracxp-cron-interface/update.go:21.2,23.14 3 1
/home/lzuccarelli/Projects/agoracxp/agoracxp-cron-interface/update.go:27.2,28.12 2 1
/home/lzuccarelli/Projects/agoracxp/agoracxp-cron-interface/update.go:16.16,19.3 2 1
/home/lzuccarelli/Projects/agoracxp/agoracxp-cron-interface/update.go:23.14,26.3 2 0
