mode: set
/home/lzuccarelli/Projects/myportfolio/myportfolio-cron/update.go:13.33,17.25 2 1
/home/lzuccarelli/Projects/myportfolio/myportfolio-cron/update.go:39.2,39.12 1 1
/home/lzuccarelli/Projects/myportfolio/myportfolio-cron/update.go:17.25,24.17 6 1
/home/lzuccarelli/Projects/myportfolio/myportfolio-cron/update.go:29.3,31.15 3 1
/home/lzuccarelli/Projects/myportfolio/myportfolio-cron/update.go:35.3,36.30 2 1
/home/lzuccarelli/Projects/myportfolio/myportfolio-cron/update.go:24.17,26.12 2 1
/home/lzuccarelli/Projects/myportfolio/myportfolio-cron/update.go:31.15,33.12 2 0
/home/lzuccarelli/Projects/myportfolio/myportfolio-cron/validate.go:14.59,17.27 3 1
/home/lzuccarelli/Projects/myportfolio/myportfolio-cron/validate.go:25.2,25.12 1 1
/home/lzuccarelli/Projects/myportfolio/myportfolio-cron/validate.go:17.27,18.15 1 1
/home/lzuccarelli/Projects/myportfolio/myportfolio-cron/validate.go:18.15,21.4 2 1
/home/lzuccarelli/Projects/myportfolio/myportfolio-cron/validate.go:21.9,23.4 1 1
/home/lzuccarelli/Projects/myportfolio/myportfolio-cron/validate.go:31.50,39.26 2 1
/home/lzuccarelli/Projects/myportfolio/myportfolio-cron/validate.go:44.2,44.12 1 1
/home/lzuccarelli/Projects/myportfolio/myportfolio-cron/validate.go:39.26,40.54 1 1
/home/lzuccarelli/Projects/myportfolio/myportfolio-cron/validate.go:40.54,42.4 1 1
